<?xml version="1.0" encoding="UTF-8"?>
<!-- Generated by org.testng.reporters.JUnitReportReporter -->
<testsuite hostname="DESKTOP-FIEHQAT" name="register.PhoneTest" tests="7" failures="0" timestamp="25 Oct 2018 05:15:19 GMT" time="0.613" errors="0">
  <testcase name="inputSpace" time="0.082" classname="register.PhoneTest"/>
  <testcase name="inputNumberHasLength12" time="0.109" classname="register.PhoneTest"/>
  <testcase name="inputNull" time="0.036" classname="register.PhoneTest"/>
  <testcase name="inputString" time="0.090" classname="register.PhoneTest"/>
  <testcase name="inputNumberHasLength1" time="0.082" classname="register.PhoneTest"/>
  <testcase name="inputSpecialCharacters" time="0.098" classname="register.PhoneTest"/>
  <testcase name="inputDouble" time="0.116" classname="register.PhoneTest"/>
</testsuite> <!-- register.PhoneTest -->
