<?xml version="1.0" encoding="UTF-8"?>
<!-- Generated by org.testng.reporters.JUnitReportReporter -->
<testsuite hostname="DESKTOP-FIEHQAT" name="register.UserNameTest" tests="7" failures="0" timestamp="25 Oct 2018 05:15:19 GMT" time="0.740" errors="0">
  <testcase name="inputSpace" time="0.087" classname="register.UserNameTest"/>
  <testcase name="inputNull" time="0.042" classname="register.UserNameTest"/>
  <testcase name="inputNumber" time="0.103" classname="register.UserNameTest"/>
  <testcase name="inputOneCharacter" time="0.083" classname="register.UserNameTest"/>
  <testcase name="input51Characters" time="0.199" classname="register.UserNameTest"/>
  <testcase name="inputSpecialCharacters" time="0.107" classname="register.UserNameTest"/>
  <testcase name="inputTwoCharacters" time="0.119" classname="register.UserNameTest"/>
</testsuite> <!-- register.UserNameTest -->
