<?xml version="1.0" encoding="UTF-8"?>
<!-- Generated by org.testng.reporters.JUnitReportReporter -->
<testsuite hostname="DESKTOP-FIEHQAT" name="register.PassWordTest" tests="7" failures="0" timestamp="25 Oct 2018 05:15:19 GMT" time="2.351" errors="0">
  <testcase name="inputNull" time="1.233" classname="register.PassWordTest"/>
  <testcase name="inputStringHasLength2" time="0.102" classname="register.PassWordTest"/>
  <testcase name="inputIncorrectPass" time="0.185" classname="register.PassWordTest"/>
  <testcase name="inputStringHasLength51" time="0.199" classname="register.PassWordTest"/>
  <testcase name="inputSpace" time="0.086" classname="register.PassWordTest"/>
  <testcase name="inputStringHasLength1" time="0.451" classname="register.PassWordTest"/>
  <testcase name="inputSpecialCharacters" time="0.095" classname="register.PassWordTest"/>
</testsuite> <!-- register.PassWordTest -->
